<?xml version="1.0" encoding="UTF-8"?>
<!-- Generated by org.testng.reporters.JUnitXMLReporter -->
<testsuite ignored="0" hostname="DESKTOP-30KT7AG" failures="0" tests="6" name="Default test" time="0.108" errors="0" timestamp="2021-12-05T23:46:14 EST">
  <testcase classname="rahulshettyacademy.Mavenjava.restAPITest" name="DeleteTwitter" time="0.015"/>
  <testcase classname="rahulshettyacademy.Mavenjava.restAPITest" name="PostJira" time="0.002"/>
  <testcase classname="rahulshettyacademy.Mavenjava.AppiumTest" name="NativeAndroid" time="0.002"/>
  <testcase classname="rahulshettyacademy.Mavenjava.AppiumTest" name="iOSApps" time="0.006"/>
  <testcase classname="rahulshettyacademy.Mavenjava.SeleniumTest" name="BrowserAutomation" time="0.002"/>
  <testcase classname="rahulshettyacademy.Mavenjava.SeleniumTest" name="elementsUi" time="0.004"/>
</testsuite> <!-- Default test -->
