<?xml version="1.0" encoding="UTF-8"?>
<testng-results ignored="0" total="4" passed="4" failed="0" skipped="0">
  <reporter-output>
  </reporter-output>
  <suite started-at="2021-12-05T20:38:35 EST" name="Suite" finished-at="2021-12-05T20:38:35 EST" duration-ms="69">
    <groups>
    </groups>
    <test started-at="2021-12-05T20:38:35 EST" name="Test" finished-at="2021-12-05T20:38:35 EST" duration-ms="69">
      <class name="rahulshettyacademy.Mavenjava.restAPITest">
        <test-method signature="DeleteTwitter()[pri:0, instance:rahulshettyacademy.Mavenjava.restAPITest@708f5957]" started-at="2021-12-05T20:38:35 EST" name="DeleteTwitter" finished-at="2021-12-05T20:38:35 EST" duration-ms="6" status="PASS">
          <reporter-output>
          </reporter-output>
        </test-method> <!-- DeleteTwitter -->
        <test-method signature="PostJira()[pri:0, instance:rahulshettyacademy.Mavenjava.restAPITest@708f5957]" started-at="2021-12-05T20:38:35 EST" name="PostJira" finished-at="2021-12-05T20:38:35 EST" duration-ms="1" status="PASS">
          <reporter-output>
          </reporter-output>
        </test-method> <!-- PostJira -->
      </class> <!-- rahulshettyacademy.Mavenjava.restAPITest -->
      <class name="rahulshettyacademy.Mavenjava.AppiumTest">
        <test-method signature="NativeAndroid()[pri:0, instance:rahulshettyacademy.Mavenjava.AppiumTest@55b7a4e0]" started-at="2021-12-05T20:38:35 EST" name="NativeAndroid" finished-at="2021-12-05T20:38:35 EST" duration-ms="1" status="PASS">
          <reporter-output>
          </reporter-output>
        </test-method> <!-- NativeAndroid -->
        <test-method signature="iOSApps()[pri:0, instance:rahulshettyacademy.Mavenjava.AppiumTest@55b7a4e0]" started-at="2021-12-05T20:38:35 EST" name="iOSApps" finished-at="2021-12-05T20:38:35 EST" duration-ms="0" status="PASS">
          <reporter-output>
          </reporter-output>
        </test-method> <!-- iOSApps -->
      </class> <!-- rahulshettyacademy.Mavenjava.AppiumTest -->
    </test> <!-- Test -->
  </suite> <!-- Suite -->
</testng-results>
