<?xml version="1.0" encoding="UTF-8"?>
<testsuite xmlns:xsi="http://www.w3.org/2001/XMLSchema-instance" xsi:noNamespaceSchemaLocation="https://maven.apache.org/surefire/maven-surefire-plugin/xsd/surefire-test-report-3.0.xsd" version="3.0" name="TestSuite" time="0.75" tests="4" errors="0" skipped="0" failures="0">
  <properties>
[...]
</properties>
  <testcase name="DeleteTwitter" classname="rahulshettyacademy.Mavenjava.restAPITest" time="0.007">
    <system-out><![CDATA[Delete Twitter
]]></system-out>
  </testcase>
  <testcase name="PostJira" classname="rahulshettyacademy.Mavenjava.restAPITest" time="0.006">
    <system-out><![CDATA[Post Jira
]]></system-out>
  </testcase>
  <testcase name="NativeAndroid" classname="rahulshettyacademy.Mavenjava.AppiumTest" time="0.001">
    <system-out><![CDATA[Android
]]></system-out>
  </testcase>
  <testcase name="iOSApps" classname="rahulshettyacademy.Mavenjava.AppiumTest" time="0.001">
    <system-out><![CDATA[Apple
]]></system-out>
  </testcase>
</testsuite>