<?xml version="1.0" encoding="UTF-8"?>
<!-- Generated by org.testng.reporters.JUnitXMLReporter -->
<testsuite ignored="0" hostname="DESKTOP-30KT7AG" failures="0" tests="4" name="Test" time="0.069" errors="0" timestamp="2021-12-05T20:38:35 EST">
  <testcase classname="rahulshettyacademy.Mavenjava.restAPITest" name="DeleteTwitter" time="0.006"/>
  <testcase classname="rahulshettyacademy.Mavenjava.restAPITest" name="PostJira" time="0.001"/>
  <testcase classname="rahulshettyacademy.Mavenjava.AppiumTest" name="NativeAndroid" time="0.001"/>
  <testcase classname="rahulshettyacademy.Mavenjava.AppiumTest" name="iOSApps" time="0.0"/>
</testsuite> <!-- Test -->
