<?xml version="1.0" encoding="UTF-8"?>
<!-- Generated by org.testng.reporters.JUnitXMLReporter -->
<testsuite ignored="0" hostname="DESKTOP-30KT7AG" failures="0" tests="6" name="Command line test" time="0.101" errors="0" timestamp="2021-12-05T20:37:52 EST">
  <testcase classname="rahulshettyacademy.Mavenjava.AppiumTest" name="NativeAndroid" time="0.008"/>
  <testcase classname="rahulshettyacademy.Mavenjava.AppiumTest" name="iOSApps" time="0.006"/>
  <testcase classname="rahulshettyacademy.Mavenjava.restAPITest" name="DeleteTwitter" time="0.001"/>
  <testcase classname="rahulshettyacademy.Mavenjava.restAPITest" name="PostJira" time="0.002"/>
  <testcase classname="rahulshettyacademy.Mavenjava.SeleniumTest" name="BrowserAutomation" time="0.002"/>
  <testcase classname="rahulshettyacademy.Mavenjava.SeleniumTest" name="elementsUi" time="0.001"/>
</testsuite> <!-- Command line test -->
