<?xml version="1.0" encoding="UTF-8"?>
<testng-results ignored="0" total="6" passed="6" failed="0" skipped="0">
  <reporter-output>
  </reporter-output>
  <suite started-at="2021-12-05T23:46:13 EST" name="Default suite" finished-at="2021-12-05T23:46:14 EST" duration-ms="108">
    <groups>
    </groups>
    <test started-at="2021-12-05T23:46:13 EST" name="Default test" finished-at="2021-12-05T23:46:14 EST" duration-ms="108">
      <class name="rahulshettyacademy.Mavenjava.restAPITest">
        <test-method signature="DeleteTwitter()[pri:0, instance:rahulshettyacademy.Mavenjava.restAPITest@13fd2ccd]" started-at="2021-12-05T23:46:13 EST" name="DeleteTwitter" finished-at="2021-12-05T23:46:14 EST" duration-ms="15" status="PASS">
          <reporter-output>
          </reporter-output>
        </test-method> <!-- DeleteTwitter -->
        <test-method signature="PostJira()[pri:0, instance:rahulshettyacademy.Mavenjava.restAPITest@13fd2ccd]" started-at="2021-12-05T23:46:14 EST" name="PostJira" finished-at="2021-12-05T23:46:14 EST" duration-ms="2" status="PASS">
          <reporter-output>
          </reporter-output>
        </test-method> <!-- PostJira -->
      </class> <!-- rahulshettyacademy.Mavenjava.restAPITest -->
      <class name="rahulshettyacademy.Mavenjava.SeleniumTest">
        <test-method signature="BrowserAutomation()[pri:0, instance:rahulshettyacademy.Mavenjava.SeleniumTest@25641d39]" started-at="2021-12-05T23:46:14 EST" name="BrowserAutomation" finished-at="2021-12-05T23:46:14 EST" duration-ms="2" status="PASS">
          <reporter-output>
          </reporter-output>
        </test-method> <!-- BrowserAutomation -->
        <test-method signature="elementsUi()[pri:0, instance:rahulshettyacademy.Mavenjava.SeleniumTest@25641d39]" started-at="2021-12-05T23:46:14 EST" name="elementsUi" finished-at="2021-12-05T23:46:14 EST" duration-ms="4" status="PASS">
          <reporter-output>
          </reporter-output>
        </test-method> <!-- elementsUi -->
      </class> <!-- rahulshettyacademy.Mavenjava.SeleniumTest -->
      <class name="rahulshettyacademy.Mavenjava.AppiumTest">
        <test-method signature="NativeAndroid()[pri:0, instance:rahulshettyacademy.Mavenjava.AppiumTest@4a883b15]" started-at="2021-12-05T23:46:14 EST" name="NativeAndroid" finished-at="2021-12-05T23:46:14 EST" duration-ms="2" status="PASS">
          <reporter-output>
          </reporter-output>
        </test-method> <!-- NativeAndroid -->
        <test-method signature="iOSApps()[pri:0, instance:rahulshettyacademy.Mavenjava.AppiumTest@4a883b15]" started-at="2021-12-05T23:46:14 EST" name="iOSApps" finished-at="2021-12-05T23:46:14 EST" duration-ms="6" status="PASS">
          <reporter-output>
          </reporter-output>
        </test-method> <!-- iOSApps -->
      </class> <!-- rahulshettyacademy.Mavenjava.AppiumTest -->
    </test> <!-- Default test -->
  </suite> <!-- Default suite -->
</testng-results>
